<?xml version="1.0" encoding="UTF-8"?>
<testng-results skipped="0" failed="0" ignored="0" total="1" passed="1">
  <reporter-output>
  </reporter-output>
  <suite name="Default suite" duration-ms="108443" started-at="2023-03-10T08:33:23Z" finished-at="2023-03-10T08:35:12Z">
    <groups>
    </groups>
    <test name="Default test" duration-ms="108443" started-at="2023-03-10T08:33:23Z" finished-at="2023-03-10T08:35:12Z">
      <class name="com.TestRun.Login">
        <test-method status="PASS" signature="ApplicationPage()[pri:0, instance:com.TestRun.Login@1e7c7811]" name="ApplicationPage" is-config="true" duration-ms="45390" started-at="2023-03-10T14:03:23Z" finished-at="2023-03-10T14:04:09Z">
          <reporter-output>
          </reporter-output>
        </test-method> <!-- ApplicationPage -->
        <test-method status="PASS" signature="ReportSetup()[pri:0, instance:com.TestRun.Login@1e7c7811]" name="ReportSetup" is-config="true" duration-ms="121" started-at="2023-03-10T14:04:09Z" finished-at="2023-03-10T14:04:09Z">
          <reporter-output>
          </reporter-output>
        </test-method> <!-- ReportSetup -->
        <test-method status="PASS" signature="LoginTest()[pri:0, instance:com.TestRun.Login@1e7c7811]" name="LoginTest" duration-ms="62710" started-at="2023-03-10T14:04:09Z" finished-at="2023-03-10T14:05:12Z">
          <reporter-output>
          </reporter-output>
        </test-method> <!-- LoginTest -->
        <test-method status="PASS" signature="Teardown()[pri:0, instance:com.TestRun.Login@1e7c7811]" name="Teardown" is-config="true" duration-ms="209" started-at="2023-03-10T14:05:12Z" finished-at="2023-03-10T14:05:12Z">
          <reporter-output>
          </reporter-output>
        </test-method> <!-- Teardown -->
        <test-method status="PASS" signature="teardown()[pri:0, instance:com.TestRun.Login@1e7c7811]" name="teardown" is-config="true" duration-ms="0" started-at="2023-03-10T14:05:12Z" finished-at="2023-03-10T14:05:12Z">
          <reporter-output>
          </reporter-output>
        </test-method> <!-- teardown -->
      </class> <!-- com.TestRun.Login -->
    </test> <!-- Default test -->
  </suite> <!-- Default suite -->
</testng-results>
